==184627== Memcheck, a memory error detector
==184627== Copyright (C) 2002-2017, and GNU GPL'd, by Julian Seward et al.
==184627== Using Valgrind-3.18.1 and LibVEX; rerun with -h for copyright info
==184627== Command: ./pipex tests/in/basic.txt cat wc tests/out/basic.txt
==184627== Parent PID: 158124
==184627== 
==184627== 
==184627== FILE DESCRIPTORS: 4 open (3 std) at exit.
==184627== Open file descriptor 3: /home/egaziogl/code/3-pipex/valgrind-184627.log
==184627==    <inherited from parent>
==184627== 
==184627== 
==184627== HEAP SUMMARY:
==184627==     in use at exit: 0 bytes in 0 blocks
==184627==   total heap usage: 1 allocs, 1 frees, 56 bytes allocated
==184627== 
==184627== All heap blocks were freed -- no leaks are possible
==184627== 
==184627== For lists of detected and suppressed errors, rerun with: -s
==184627== ERROR SUMMARY: 0 errors from 0 contexts (suppressed: 0 from 0)
