==184628== Memcheck, a memory error detector
==184628== Copyright (C) 2002-2017, and GNU GPL'd, by Julian Seward et al.
==184628== Using Valgrind-3.18.1 and LibVEX; rerun with -h for copyright info
==184628== Command: /usr/bin/cat
==184628== Parent PID: 184627
==184628== 
==184628== 
==184628== FILE DESCRIPTORS: 3 open (0 std) at exit.
==184628== Open file descriptor 6: /home/egaziogl/code/3-pipex/valgrind-184628.log
==184628==    <inherited from parent>
==184628== 
==184628== Open file descriptor 4: /home/egaziogl/code/3-pipex/valgrind-184628.log
==184628==    <inherited from parent>
==184628== 
==184628== Open file descriptor 3: /home/egaziogl/code/3-pipex/valgrind-184627.log
==184628==    <inherited from parent>
==184628== 
==184628== 
==184628== HEAP SUMMARY:
==184628==     in use at exit: 0 bytes in 0 blocks
==184628==   total heap usage: 31 allocs, 31 frees, 139,232 bytes allocated
==184628== 
==184628== All heap blocks were freed -- no leaks are possible
==184628== 
==184628== For lists of detected and suppressed errors, rerun with: -s
==184628== ERROR SUMMARY: 0 errors from 0 contexts (suppressed: 0 from 0)
