==184629== Memcheck, a memory error detector
==184629== Copyright (C) 2002-2017, and GNU GPL'd, by Julian Seward et al.
==184629== Using Valgrind-3.18.1 and LibVEX; rerun with -h for copyright info
==184629== Command: /usr/bin/wc
==184629== Parent PID: 184627
==184629== 
==184629== 
==184629== FILE DESCRIPTORS: 3 open (0 std) at exit.
==184629== Open file descriptor 5: /home/egaziogl/code/3-pipex/valgrind-184629.log
==184629==    <inherited from parent>
==184629== 
==184629== Open file descriptor 4: /home/egaziogl/code/3-pipex/valgrind-184629.log
==184629==    <inherited from parent>
==184629== 
==184629== Open file descriptor 3: /home/egaziogl/code/3-pipex/valgrind-184627.log
==184629==    <inherited from parent>
==184629== 
==184629== 
==184629== HEAP SUMMARY:
==184629==     in use at exit: 0 bytes in 0 blocks
==184629==   total heap usage: 156 allocs, 156 frees, 25,250 bytes allocated
==184629== 
==184629== All heap blocks were freed -- no leaks are possible
==184629== 
==184629== For lists of detected and suppressed errors, rerun with: -s
==184629== ERROR SUMMARY: 0 errors from 0 contexts (suppressed: 0 from 0)
